Build started 21/05/2015 4:15:13 p. m..
     1>Project "C:\Users\avila_000\Google Drive\MAESTRÍA\2015-1 Trabajo de grado\Programacion\TG1_01\tg1_01\tg1_01\tg1_01.vcxproj" on node 2 (Build target(s)).
     1>Link:
         C:\Program Files (x86)\Microsoft Visual Studio 12.0\VC\bin\x86_amd64\link.exe /ERRORREPORT:PROMPT /OUT:"C:\Users\avila_000\Google Drive\MAESTRÍA\2015-1 Trabajo de grado\Programacion\TG1_01\tg1_01\x64\Debug\tg1_01.exe" /INCREMENTAL /NOLOGO kernel32.lib user32.lib gdi32.lib winspool.lib comdlg32.lib advapi32.lib shell32.lib ole32.lib oleaut32.lib uuid.lib odbc32.lib odbccp32.lib /MANIFEST /MANIFESTUAC:"level='asInvoker' uiAccess='false'" /manifest:embed /DEBUG /PDB:"C:\Users\avila_000\Google Drive\MAESTRÍA\2015-1 Trabajo de grado\Programacion\TG1_01\tg1_01\x64\Debug\tg1_01.pdb" /SUBSYSTEM:CONSOLE /TLBID:1 /DYNAMICBASE /NXCOMPAT /IMPLIB:"C:\Users\avila_000\Google Drive\MAESTRÍA\2015-1 Trabajo de grado\Programacion\TG1_01\tg1_01\x64\Debug\tg1_01.lib" /MACHINE:X64 x64\Debug\main.obj
         ..\..\..\TG1_00\lib\edk.lib
     1>main.obj : error LNK2019: unresolved external symbol __imp_EE_EngineConnect referenced in function main
     1>main.obj : error LNK2019: unresolved external symbol __imp_EE_EngineRemoteConnect referenced in function main
     1>main.obj : error LNK2019: unresolved external symbol __imp_EE_EngineDisconnect referenced in function main
     1>main.obj : error LNK2019: unresolved external symbol __imp_EE_EmoEngineEventCreate referenced in function main
     1>main.obj : error LNK2019: unresolved external symbol __imp_EE_EmoEngineEventFree referenced in function main
     1>main.obj : error LNK2019: unresolved external symbol __imp_EE_EmoStateCreate referenced in function main
     1>main.obj : error LNK2019: unresolved external symbol __imp_EE_EmoStateFree referenced in function main
     1>main.obj : error LNK2019: unresolved external symbol __imp_EE_EmoEngineEventGetType referenced in function main
     1>main.obj : error LNK2019: unresolved external symbol __imp_EE_EmoEngineEventGetUserId referenced in function main
     1>main.obj : error LNK2019: unresolved external symbol __imp_EE_EngineGetNextEvent referenced in function main
     1>main.obj : error LNK2019: unresolved external symbol __imp_EE_DataCreate referenced in function main
     1>main.obj : error LNK2019: unresolved external symbol __imp_EE_DataFree referenced in function main
     1>main.obj : error LNK2019: unresolved external symbol __imp_EE_DataUpdateHandle referenced in function main
     1>main.obj : error LNK2019: unresolved external symbol __imp_EE_DataGet referenced in function main
     1>main.obj : error LNK2019: unresolved external symbol __imp_EE_DataGetNumberOfSample referenced in function main
     1>main.obj : error LNK2019: unresolved external symbol __imp_EE_DataSetBufferSizeInSec referenced in function main
     1>main.obj : error LNK2019: unresolved external symbol __imp_EE_DataAcquisitionEnable referenced in function main
     1>C:\Users\avila_000\Google Drive\MAESTRÍA\2015-1 Trabajo de grado\Programacion\TG1_01\tg1_01\x64\Debug\tg1_01.exe : fatal error LNK1120: 17 unresolved externals
     1>Done Building Project "C:\Users\avila_000\Google Drive\MAESTRÍA\2015-1 Trabajo de grado\Programacion\TG1_01\tg1_01\tg1_01\tg1_01.vcxproj" (Build target(s)) -- FAILED.

Build FAILED.

Time Elapsed 00:00:00.21
